camera/build/outputs/logs/manifest-merger-debug-report.txt
-- Merging decision tree log ---
manifest
ADDED from src\main\AndroidManifest.xml:2:1-104:12
INJECTED from src\main\AndroidManifest.xml:2:1-104:12
INJECTED from src\main\AndroidManifest.xml:2:1-104:12
INJECTED from src\main\AndroidManifest.xml:2:1-104:12
INJECTED from src\main\AndroidManifest.xml:2:1-104:12
INJECTED from src\main\AndroidManifest.xml:2:1-104:12
INJECTED from src\main\AndroidManifest.xml:2:1-104:12
	package
		ADDED from src\main\AndroidManifest.xml:3:5-35
		INJECTED from src\main\AndroidManifest.xml
		INJECTED from src\main\AndroidManifest.xml
	android:versionName
		ADDED from src\main\AndroidManifest.xml:5:5-30
		INJECTED from src\main\AndroidManifest.xml
		INJECTED from src\main\AndroidManifest.xml
	xmlns:android
		ADDED from src\main\AndroidManifest.xml:2:11-69
	android:versionCode
		ADDED from src\main\AndroidManifest.xml:4:5-28
		INJECTED from src\main\AndroidManifest.xml
		INJECTED from src\main\AndroidManifest.xml
uses-sdk
ADDED from src\main\AndroidManifest.xml:7:5-9:41
INJECTED from src\main\AndroidManifest.xml:7:5-9:41
INJECTED from src\main\AndroidManifest.xml:7:5-9:41
INJECTED from src\main\AndroidManifest.xml:7:5-9:41
INJECTED from src\main\AndroidManifest.xml:7:5-9:41
	android:targetSdkVersion
		ADDED from src\main\AndroidManifest.xml:9:9-38
		INJECTED from src\main\AndroidManifest.xml
		INJECTED from src\main\AndroidManifest.xml
	android:minSdkVersion
		ADDED from src\main\AndroidManifest.xml:8:9-35
		INJECTED from src\main\AndroidManifest.xml
		INJECTED from src\main\AndroidManifest.xml
application
ADDED from src\main\AndroidManifest.xml:11:5-67:19
	android:label
		ADDED from src\main\AndroidManifest.xml:13:9-41
	android:allowBackup
		ADDED from src\main\AndroidManifest.xml:12:9-35
activity#com.example.vzvision.MainActivity
ADDED from src\main\AndroidManifest.xml:15:9-24:20
	android:label
		ADDED from src\main\AndroidManifest.xml:18:13-45
	android:configChanges
		ADDED from src\main\AndroidManifest.xml:17:13-74
	android:name
		ADDED from src\main\AndroidManifest.xml:16:13-41
intent-filter#android.intent.action.MAIN+android.intent.category.LAUNCHER
ADDED from src\main\AndroidManifest.xml:19:12-23:29
action#android.intent.action.MAIN
ADDED from src\main\AndroidManifest.xml:20:17-69
	android:name
		ADDED from src\main\AndroidManifest.xml:20:25-66
category#android.intent.category.LAUNCHER
ADDED from src\main\AndroidManifest.xml:22:17-77
	android:name
		ADDED from src\main\AndroidManifest.xml:22:27-74
activity#com.example.vzvision.SurfaceActivity
ADDED from src\main\AndroidManifest.xml:25:9-28:20
	android:label
		ADDED from src\main\AndroidManifest.xml:27:13-59
	android:name
		ADDED from src\main\AndroidManifest.xml:26:13-44
activity#com.example.vzvision.PlateActivity
ADDED from src\main\AndroidManifest.xml:29:9-32:20
	android:label
		ADDED from src\main\AndroidManifest.xml:31:13-57
	android:name
		ADDED from src\main\AndroidManifest.xml:30:13-42
activity#com.example.vzvision.WlistActivity
ADDED from src\main\AndroidManifest.xml:33:9-36:20
	android:label
		ADDED from src\main\AndroidManifest.xml:35:13-57
	android:name
		ADDED from src\main\AndroidManifest.xml:34:13-42
activity#com.example.vzvision.DeviceActivity
ADDED from src\main\AndroidManifest.xml:37:9-41:20
	android:screenOrientation
		ADDED from src\main\AndroidManifest.xml:40:13-49
	android:label
		ADDED from src\main\AndroidManifest.xml:39:13-58
	android:name
		ADDED from src\main\AndroidManifest.xml:38:13-43
activity#com.example.vzvision.VideoConfigActivity
ADDED from src\main\AndroidManifest.xml:42:9-45:20
	android:label
		ADDED from src\main\AndroidManifest.xml:44:13-64
	android:name
		ADDED from src\main\AndroidManifest.xml:43:13-48
activity#com.example.vzvision.SnapImageActivity
ADDED from src\main\AndroidManifest.xml:46:9-49:20
	android:label
		ADDED from src\main\AndroidManifest.xml:48:13-62
	android:name
		ADDED from src\main\AndroidManifest.xml:47:13-46
activity#com.example.vzvision.WListEditActivity
ADDED from src\main\AndroidManifest.xml:50:9-53:20
	android:label
		ADDED from src\main\AndroidManifest.xml:52:13-62
	android:name
		ADDED from src\main\AndroidManifest.xml:51:13-46
activity#com.example.vzvision.AboutActivity
ADDED from src\main\AndroidManifest.xml:54:9-57:20
	android:label
		ADDED from src\main\AndroidManifest.xml:56:13-57
	android:name
		ADDED from src\main\AndroidManifest.xml:55:13-42
service#com.example.vzvision.LogService
ADDED from src\main\AndroidManifest.xml:59:9-61:38
	android:enabled
		ADDED from src\main\AndroidManifest.xml:61:13-35
	android:name
		ADDED from src\main\AndroidManifest.xml:60:13-39
activity#com.example.vzvision.LoginActivity
ADDED from src\main\AndroidManifest.xml:63:9-66:20
	android:label
		ADDED from src\main\AndroidManifest.xml:65:13-57
	android:name
		ADDED from src\main\AndroidManifest.xml:64:13-42
uses-permission#android.permission.INTERNET
ADDED from src\main\AndroidManifest.xml:69:5-67
	android:name
		ADDED from src\main\AndroidManifest.xml:69:22-64
uses-permission#android.permission.ACCESS_NETWORK_STATE
ADDED from src\main\AndroidManifest.xml:70:5-79
	android:name
		ADDED from src\main\AndroidManifest.xml:70:22-76
uses-permission#android.permission.WRITE_EXTERNAL_STORAGE
ADDED from src\main\AndroidManifest.xml:71:5-81
	android:name
		ADDED from src\main\AndroidManifest.xml:71:22-78
uses-permission#android.permission.ACCESS_WIFI_STATE
ADDED from src\main\AndroidManifest.xml:72:5-76
	android:name
		ADDED from src\main\AndroidManifest.xml:72:22-73
uses-permission#android.permission.CHANGE_WIFI_STATE
ADDED from src\main\AndroidManifest.xml:73:5-76
	android:name
		ADDED from src\main\AndroidManifest.xml:73:22-73
uses-permission#android.permission.CHANGE_CONFIGURATION
ADDED from src\main\AndroidManifest.xml:74:5-79
	android:name
		ADDED from src\main\AndroidManifest.xml:74:22-76
uses-permission#android.permission.MOUNT_UNMOUNT_FILESYSTEMS
ADDED from src\main\AndroidManifest.xml:76:5-84
	android:name
		ADDED from src\main\AndroidManifest.xml:76:22-81
uses-permission#android.permission.READ_LOGS
ADDED from src\main\AndroidManifest.xml:77:5-68
	android:name
		ADDED from src\main\AndroidManifest.xml:77:22-65
uses-permission#android.permission.WAKE_LOCK
ADDED from src\main\AndroidManifest.xml:78:5-68
	android:name
		ADDED from src\main\AndroidManifest.xml:78:22-65
uses-permission#android.permission.USE_CREDENTIALS
ADDED from src\main\AndroidManifest.xml:95:5-74
	android:name
		ADDED from src\main\AndroidManifest.xml:95:22-71
uses-permission#android.permission.GET_ACCOUNTS
ADDED from src\main\AndroidManifest.xml:98:5-71
	android:name
		ADDED from src\main\AndroidManifest.xml:98:22-68
uses-permission#android.permission.READ_PROFILE
ADDED from src\main\AndroidManifest.xml:101:5-71
	android:name
		ADDED from src\main\AndroidManifest.xml:101:22-68
uses-permission#android.permission.READ_CONTACTS
ADDED from src\main\AndroidManifest.xml:102:5-72
	android:name
		ADDED from src\main\AndroidManifest.xml:102:22-69